[2022-10-02 16:17:21 UTC-04:00] > manager:	


Kicking off new manager instance and associated tests, grading
[2022-10-02 16:17:21 UTC-04:00] > manager:	Successfully created manager instance
[2022-10-02 16:17:21 UTC-04:00] > checker:	Checking for required files

[2022-10-02 16:17:21 UTC-04:00] > checker:	Found these files in submit folder: ['.gitignore', 'SimpleGame.class', 'SimpleGame.java']
[2022-10-02 16:17:21 UTC-04:00] > checker:	No files missing
[2022-10-02 16:17:21 UTC-04:00] > manager:	Creating tester
[2022-10-02 16:17:21 UTC-04:00] > tester:	Current Root: /home/codio/workspace/.guides/secure	Is Secure: True
[2022-10-02 16:17:21 UTC-04:00] > manager:	Successfully exited tester!
[2022-10-02 16:17:21 UTC-04:00] > manager:	Creating grader
[2022-10-02 16:17:21 UTC-04:00] > manager:	Successfully exited grader!
[2022-10-02 16:17:21 UTC-04:00] > manager:	Beginning tests by invoking tester from manager
[2022-10-02 16:17:21 UTC-04:00] > tester:	Testing java
[2022-10-02 16:17:21 UTC-04:00] > tester:	Compile command is: javac -cp /home/codio/workspace/.guides/secure/execution-environment/java:junit-platform-console-standalone-1.3.2.jar /home/codio/workspace/.guides/secure/execution-environment/java/*.java
[2022-10-02 16:17:22 UTC-04:00] > manager:	Finished testing
[2022-10-02 16:17:22 UTC-04:00] > manager:	Beginning grading process using the grader invoked from manager
[2022-10-02 16:17:22 UTC-04:00] > grader:	Trying to retrieve text version of java output
[2022-10-02 16:17:22 UTC-04:00] > grader:	Found 38 lines in text-output
[2022-10-02 16:17:22 UTC-04:00] > grader:	Examining line: JUnit Jupiter ✔
[2022-10-02 16:17:22 UTC-04:00] > manager:	Junit Garbage: True	Class: False	Test: False
[2022-10-02 16:17:22 UTC-04:00] > grader:	Examining line: SimpleGameTest ✔
[2022-10-02 16:17:22 UTC-04:00] > manager:	Junit Garbage: False	Class: True	Test: False
[2022-10-02 16:17:22 UTC-04:00] > grader:	Determined this is class: SimpleGameTest
[2022-10-02 16:17:22 UTC-04:00] > grader:	Examining line: testConvertTime() ✔
[2022-10-02 16:17:22 UTC-04:00] > manager:	Junit Garbage: False	Class: False	Test: True
[2022-10-02 16:17:22 UTC-04:00] > grader:	Determined this is test: testConvertTime()
[2022-10-02 16:17:22 UTC-04:00] > grader:	TC pre-update: {
  "weight": 1,
  "passed": false,
  "message": null,
  "extra_credit": false,
  "performed": false
}
[2022-10-02 16:17:22 UTC-04:00] > grader:	TC post-update: {
  "weight": 1,
  "passed": true,
  "message": null,
  "extra_credit": false,
  "performed": true
}
[2022-10-02 16:17:22 UTC-04:00] > grader:	Examining line: testDigitsSum() ✘ expected: <16> but was: <34>
[2022-10-02 16:17:22 UTC-04:00] > manager:	Junit Garbage: False	Class: False	Test: True
[2022-10-02 16:17:22 UTC-04:00] > grader:	Determined this is test: testDigitsSum()
[2022-10-02 16:17:22 UTC-04:00] > grader:	TC pre-update: {
  "weight": 1,
  "passed": false,
  "message": null,
  "extra_credit": false,
  "performed": false
}
[2022-10-02 16:17:22 UTC-04:00] > grader:	TC post-update: {
  "weight": 1,
  "passed": false,
  "message": "expected: <16> but was: <34>",
  "extra_credit": false,
  "performed": true
}
[2022-10-02 16:17:22 UTC-04:00] > grader:	Examining line: JUnit Vintage ✔
[2022-10-02 16:17:22 UTC-04:00] > manager:	Junit Garbage: True	Class: False	Test: False
[2022-10-02 16:17:22 UTC-04:00] > manager:	Finished grading. Results to follow
[2022-10-02 16:17:22 UTC-04:00] > manager:	{
  "java": {
    "included": true,
    "SimpleGameTest": {
      "testConvertTime": {
        "weight": 1,
        "passed": true,
        "message": null,
        "extra_credit": false,
        "performed": true
      },
      "testDigitsSum": {
        "weight": 1,
        "passed": false,
        "message": "expected: <16> but was: <34>",
        "extra_credit": false,
        "performed": true
      }
    }
  }
}
[2022-10-02 16:17:22 UTC-04:00] > manager:	Ungraded...
[2022-10-02 16:17:22 UTC-04:00] > manager:	{
  "java": {
    "included": true
  }
}
[2022-10-02 16:17:22 UTC-04:00] > logger:	Beginning formatted test printing
[2022-10-02 16:17:22 UTC-04:00] > logger:	[94m~~~~~~~~~~~~~~~~~~~~~~~~~~~~~~~~~~~~~~~~~~~~~~~~~~~~~~~~~~~~~~~~~~~~~~~~~~~~~~~~~[0m
Results for [92mjava[0m

[2022-10-02 16:17:22 UTC-04:00] > logger:		Test file: [92mSimpleGameTest[0m
[2022-10-02 16:17:22 UTC-04:00] > logger:			> +1/1 pts [PASS]    testConvertTime
[2022-10-02 16:17:22 UTC-04:00] > logger:			> +0/1 pts [FAIL]    testDigitsSum => expected: <16> but was: <34>
[2022-10-02 16:17:22 UTC-04:00] > logger:	[94m~~~~~~~~~~~~~~~~~~~~~~~~~~~~~~~~~~~~~~~~~~~~~~~~~~~~~~~~~~~~~~~~~~~~~~~~~~~~~~~~~[0m
Results for [92mjava[0m

[2022-10-02 16:17:22 UTC-04:00] > logger:	

=*=*=*=*=*=*=*=*=*=*=*=*=*=*=*=*=*=*=*=*=*=*=*=*=*=*=*=*=*=*=*=*=*=*=*=*=*=*=*=*=
Final score: 50% (1.0/2.0 pts)


[2022-10-02 16:17:22 UTC-04:00] > manager:	Received 1.0 / 2.0, grade: 50
[2022-10-02 16:17:22 UTC-04:00] > manager:	Attempting to send grade back via LTI connection
[2022-10-02 16:17:22 UTC-04:00] > manager:	Response code: True. Exiting manager.
